<?xml version="1.0" encoding="UTF-8"?>
<!-- Generated by org.testng.reporters.JUnitReportReporter -->
<testsuite hostname="CASA-" name="nkrichkoTesterTutorisal.AppTest" tests="1" failures="0" timestamp="22 Jun 2014 17:47:39 GMT" time="0.007" errors="0">
  <testcase name="testMain" time="0.007" classname="nkrichkoTesterTutorisal.AppTest"/>
</testsuite> <!-- nkrichkoTesterTutorisal.AppTest -->
