<?xml version="1.0" encoding="UTF-8"?>
<!-- Generated by org.testng.reporters.JUnitReportReporter -->
<testsuite hostname="CASA-" name="nkrichkoTesterTutorisal.lesson_1.CreateFileTest" tests="2" failures="0" timestamp="22 Jun 2014 17:47:39 GMT" time="0.003" errors="0">
  <testcase name="test" time="0.000" classname="nkrichkoTesterTutorisal.lesson_1.CreateFileTest"/>
  <testcase name="testCreateFile" time="0.003" classname="nkrichkoTesterTutorisal.lesson_1.CreateFileTest"/>
</testsuite> <!-- nkrichkoTesterTutorisal.lesson_1.CreateFileTest -->
